Build started 1/14/2015 6:34:17 PM.
     1>Project "c:\Users\isaiah\documents\visual studio 2013\Projects\Learning OpenGl\Learning OpenGl\Learning OpenGl.vcxproj" on node 2 (Build target(s)).
     1>ClCompile:
         C:\Program Files (x86)\Microsoft Visual Studio 12.0\VC\bin\CL.exe /c /I"c:\Users\isaiah\documents\visual studio 2013\Projects\Learning OpenGl\packages\nupengl.core.0.0.0.1\build\native\../..//build/native/include/" /ZI /nologo /W3 /WX- /sdl /Od /Oy- /D _MBCS /Gm /EHsc /RTC1 /MDd /GS /fp:precise /Zc:wchar_t /Zc:forScope /Fo"Debug\\" /Fd"Debug\vc120.pdb" /Gd /TP /analyze- /errorReport:prompt IB\Vector3.cpp Main.cpp
         Main.cpp
     1>c:\users\isaiah\documents\visual studio 2013\projects\learning opengl\learning opengl\main.cpp(2): warning C4067: unexpected tokens following preprocessor directive - expected a newline
     1>c:\users\isaiah\documents\visual studio 2013\projects\learning opengl\learning opengl\main.cpp(3): warning C4067: unexpected tokens following preprocessor directive - expected a newline
     1>c:\users\isaiah\documents\visual studio 2013\projects\learning opengl\learning opengl\main.cpp(4): warning C4067: unexpected tokens following preprocessor directive - expected a newline
     1>c:\users\isaiah\documents\visual studio 2013\projects\learning opengl\learning opengl\main.cpp(5): warning C4067: unexpected tokens following preprocessor directive - expected a newline
     1>c:\users\isaiah\documents\visual studio 2013\projects\learning opengl\learning opengl\main.cpp(8): warning C4067: unexpected tokens following preprocessor directive - expected a newline
         Vector3.cpp
         Generating Code...
       Link:
         C:\Program Files (x86)\Microsoft Visual Studio 12.0\VC\bin\link.exe /ERRORREPORT:PROMPT /OUT:"c:\users\isaiah\documents\visual studio 2013\Projects\Learning OpenGl\Debug\Learning OpenGl.exe" /INCREMENTAL /NOLOGO "c:\Users\isaiah\documents\visual studio 2013\Projects\Learning OpenGl\packages\nupengl.core.0.0.0.1\build\native\../..//build/native/lib/Win32\v120\glew32.lib" "c:\Users\isaiah\documents\visual studio 2013\Projects\Learning OpenGl\packages\nupengl.core.0.0.0.1\build\native\../..//build/native/lib/Win32\v120\glfw3dll.lib" "c:\Users\isaiah\documents\visual studio 2013\Projects\Learning OpenGl\packages\nupengl.core.0.0.0.1\build\native\../..//build/native/lib/Win32\v120\freeglut.lib" kernel32.lib user32.lib gdi32.lib winspool.lib comdlg32.lib advapi32.lib shell32.lib ole32.lib oleaut32.lib uuid.lib odbc32.lib odbccp32.lib /MANIFEST /MANIFESTUAC:"level='asInvoker' uiAccess='false'" /manifest:embed /DEBUG /PDB:"c:\users\isaiah\documents\visual studio 2013\Projects\Learning OpenGl\Debug\Learning OpenGl.pdb" /TLBID:1 /DYNAMICBASE /NXCOMPAT /IMPLIB:"c:\users\isaiah\documents\visual studio 2013\Projects\Learning OpenGl\Debug\Learning OpenGl.lib" /MACHINE:X86 Debug\Main.obj
         Debug\Shader_Loader.obj
         Debug\Vector3.obj
         Learning OpenGl.vcxproj -> c:\users\isaiah\documents\visual studio 2013\Projects\Learning OpenGl\Debug\Learning OpenGl.exe
     1>Done Building Project "c:\Users\isaiah\documents\visual studio 2013\Projects\Learning OpenGl\Learning OpenGl\Learning OpenGl.vcxproj" (Build target(s)).

Build succeeded.

Time Elapsed 00:00:06.91
